<?xml version="1.0" encoding="UTF-8"?>
<!-- Generated by org.testng.reporters.JUnitReportReporter -->
<testsuite skipped="0" hostname="RameshBestha" name="first.Dynamic_driver" tests="1" failures="0" timestamp="04 Jun 2018 19:40:23 GMT" time="11.388" errors="0">
  <testcase name="D_driver" time="11.388" classname="first.Dynamic_driver"/>
</testsuite> <!-- first.Dynamic_driver -->
