<?xml version="1.0" encoding="UTF-8"?>
<!-- Generated by org.testng.reporters.JUnitReportReporter -->
<testsuite skipped="0" hostname="RameshBestha" name="first.Chrome_Options" tests="1" failures="0" timestamp="26 May 2018 01:30:56 GMT" time="19.689" errors="0">
  <testcase name="Chorme_Options" time="19.689" classname="first.Chrome_Options"/>
</testsuite> <!-- first.Chrome_Options -->
