<?xml version="1.0" encoding="UTF-8"?>
<!-- Generated by org.testng.reporters.JUnitReportReporter -->
<testsuite skipped="0" hostname="RameshBestha" name="first.BasicDriver" tests="1" failures="0" timestamp="26 May 2018 00:51:00 GMT" time="40.559" errors="0">
  <testcase name="OpenSite" time="40.559" classname="first.BasicDriver"/>
</testsuite> <!-- first.BasicDriver -->
